<?xml version="1.0" encoding="UTF-8"?>
<!-- Generated by org.testng.reporters.JUnitXMLReporter -->
<testsuite ignored="0" hostname="WKMIN3067576" failures="1" tests="2" name="Default test(failed)" time="6.668" errors="0" timestamp="2024-07-21T00:14:15 BST">
  <testcase classname="sunnykumarlearning.Test.SubmitOrder" name="submitOrder" time="1.014">
    <failure type="java.lang.NullPointerException">
      <![CDATA[java.lang.NullPointerException
at sunnylearning.pageobjects.ProductCatalogue.addProductToCart(ProductCatalogue.java:41)
at sunnykumarlearning.Test.SubmitOrder.submitOrder(SubmitOrder.java:55)
at java.base/java.util.ArrayList.forEach(ArrayList.java:1511)
... Removed 27 stack frames]]>
    </failure>
  </testcase> <!-- submitOrder -->
  <testcase classname="sunnykumarlearning.Test.SubmitOrder" name="login" time="0.0">
    <skipped/>
  </testcase> <!-- login -->
</testsuite> <!-- Default test(failed) -->
