<?xml version="1.0" encoding="UTF-8"?>
<testng-results ignored="0" total="3" passed="1" failed="1" skipped="1">
  <reporter-output>
  </reporter-output>
  <suite started-at="2024-07-21T10:57:11 BST" name="Default suite" finished-at="2024-07-21T10:57:38 BST" duration-ms="27283">
    <groups>
    </groups>
    <test started-at="2024-07-21T10:57:11 BST" name="Default test" finished-at="2024-07-21T10:57:38 BST" duration-ms="27283">
      <class name="sunnykumarlearning.Test.SubmitOrder">
        <test-method is-config="true" signature="config()[pri:0, instance:sunnykumarlearning.Test.SubmitOrder@3febb011]" started-at="2024-07-21T10:57:11 BST" name="config" finished-at="2024-07-21T10:57:11 BST" duration-ms="306" status="PASS">
          <reporter-output>
          </reporter-output>
        </test-method> <!-- config -->
        <test-method is-config="true" signature="launchApplication()[pri:0, instance:sunnykumarlearning.Test.SubmitOrder@3febb011]" started-at="2024-07-21T10:57:11 BST" name="launchApplication" finished-at="2024-07-21T10:57:18 BST" duration-ms="7147" status="PASS">
          <reporter-output>
          </reporter-output>
        </test-method> <!-- launchApplication -->
        <test-method signature="submitOrder(java.lang.String,java.lang.String)[pri:0, instance:sunnykumarlearning.Test.SubmitOrder@3febb011]" started-at="2024-07-21T10:57:18 BST" name="submitOrder" data-provider="getData" finished-at="2024-07-21T10:57:31 BST" duration-ms="13279" status="PASS">
          <params>
            <param index="0">
              <value>
                <![CDATA[ZARA COAT 3]]>
              </value>
            </param>
            <param index="1">
              <value>
                <![CDATA[India]]>
              </value>
            </param>
          </params>
          <reporter-output>
          </reporter-output>
        </test-method> <!-- submitOrder -->
        <test-method is-config="true" signature="tearDown()[pri:0, instance:sunnykumarlearning.Test.SubmitOrder@3febb011]" started-at="2024-07-21T10:57:31 BST" name="tearDown" finished-at="2024-07-21T10:57:32 BST" duration-ms="139" status="PASS">
          <reporter-output>
          </reporter-output>
        </test-method> <!-- tearDown -->
        <test-method is-config="true" signature="launchApplication()[pri:0, instance:sunnykumarlearning.Test.SubmitOrder@3febb011]" started-at="2024-07-21T10:57:32 BST" name="launchApplication" finished-at="2024-07-21T10:57:37 BST" duration-ms="5162" status="PASS">
          <reporter-output>
          </reporter-output>
        </test-method> <!-- launchApplication -->
        <test-method signature="submitOrder(java.lang.String,java.lang.String)[pri:0, instance:sunnykumarlearning.Test.SubmitOrder@3febb011]" started-at="2024-07-21T10:57:37 BST" name="submitOrder" data-provider="getData" finished-at="2024-07-21T10:57:38 BST" duration-ms="1032" status="FAIL">
          <params>
            <param index="0">
              <value>
                <![CDATA[ZARA COAT 4]]>
              </value>
            </param>
            <param index="1">
              <value>
                <![CDATA[India]]>
              </value>
            </param>
          </params>
          <exception class="java.lang.NullPointerException">
            <full-stacktrace>
              <![CDATA[java.lang.NullPointerException
at sunnylearning.pageobjects.ProductCatalogue.addProductToCart(ProductCatalogue.java:41)
at sunnykumarlearning.Test.SubmitOrder.submitOrder(SubmitOrder.java:53)
at java.base/jdk.internal.reflect.NativeMethodAccessorImpl.invoke0(Native Method)
at java.base/jdk.internal.reflect.NativeMethodAccessorImpl.invoke(NativeMethodAccessorImpl.java:62)
at java.base/jdk.internal.reflect.DelegatingMethodAccessorImpl.invoke(DelegatingMethodAccessorImpl.java:43)
at java.base/java.lang.reflect.Method.invoke(Method.java:564)
at org.testng.internal.invokers.MethodInvocationHelper.invokeMethod(MethodInvocationHelper.java:141)
at org.testng.internal.invokers.TestInvoker.invokeMethod(TestInvoker.java:686)
at org.testng.internal.invokers.TestInvoker.invokeTestMethod(TestInvoker.java:230)
at org.testng.internal.invokers.MethodRunner.runInSequence(MethodRunner.java:63)
at org.testng.internal.invokers.TestInvoker$MethodInvocationAgent.invoke(TestInvoker.java:992)
at org.testng.internal.invokers.TestInvoker.invokeTestMethods(TestInvoker.java:203)
at org.testng.internal.invokers.TestMethodWorker.invokeTestMethods(TestMethodWorker.java:154)
at org.testng.internal.invokers.TestMethodWorker.run(TestMethodWorker.java:134)
at java.base/java.util.ArrayList.forEach(ArrayList.java:1511)
at org.testng.TestRunner.privateRun(TestRunner.java:739)
at org.testng.TestRunner.run(TestRunner.java:614)
at org.testng.SuiteRunner.runTest(SuiteRunner.java:421)
at org.testng.SuiteRunner.runSequentially(SuiteRunner.java:413)
at org.testng.SuiteRunner.privateRun(SuiteRunner.java:373)
at org.testng.SuiteRunner.run(SuiteRunner.java:312)
at org.testng.SuiteRunnerWorker.runSuite(SuiteRunnerWorker.java:52)
at org.testng.SuiteRunnerWorker.run(SuiteRunnerWorker.java:95)
at org.testng.TestNG.runSuitesSequentially(TestNG.java:1274)
at org.testng.TestNG.runSuitesLocally(TestNG.java:1208)
at org.testng.TestNG.runSuites(TestNG.java:1112)
at org.testng.TestNG.run(TestNG.java:1079)
at org.testng.remote.AbstractRemoteTestNG.run(AbstractRemoteTestNG.java:115)
at org.testng.remote.RemoteTestNG.initAndRun(RemoteTestNG.java:293)
at org.testng.remote.RemoteTestNG.main(RemoteTestNG.java:91)
]]>
            </full-stacktrace>
          </exception> <!-- java.lang.NullPointerException -->
          <reporter-output>
          </reporter-output>
        </test-method> <!-- submitOrder -->
        <test-method is-config="true" signature="tearDown()[pri:0, instance:sunnykumarlearning.Test.SubmitOrder@3febb011]" started-at="2024-07-21T10:57:38 BST" name="tearDown" finished-at="2024-07-21T10:57:38 BST" duration-ms="137" status="PASS">
          <reporter-output>
          </reporter-output>
        </test-method> <!-- tearDown -->
        <test-method signature="login()[pri:0, instance:sunnykumarlearning.Test.SubmitOrder@3febb011]" started-at="2024-07-21T10:57:38 BST" name="login" finished-at="2024-07-21T10:57:38 BST" depends-on-methods="sunnykumarlearning.Test.SubmitOrder.submitOrder" duration-ms="1" status="SKIP">
          <exception class="java.lang.Throwable">
            <message>
              <![CDATA[Method sunnykumarlearning.Test.SubmitOrder.login() on instance sunnykumarlearning.Test.SubmitOrder@3febb011 depends on not successfully finished methods 
[sunnykumarlearning.Test.SubmitOrder.submitOrder() on instance sunnykumarlearning.Test.SubmitOrder@3febb011]]]>
            </message>
            <full-stacktrace>
              <![CDATA[java.lang.Throwable: Method sunnykumarlearning.Test.SubmitOrder.login() on instance sunnykumarlearning.Test.SubmitOrder@3febb011 depends on not successfully finished methods 
[sunnykumarlearning.Test.SubmitOrder.submitOrder() on instance sunnykumarlearning.Test.SubmitOrder@3febb011]
at org.testng.internal.invokers.TestInvoker.invokeTestMethods(TestInvoker.java:159)
at org.testng.internal.invokers.TestMethodWorker.invokeTestMethods(TestMethodWorker.java:154)
at org.testng.internal.invokers.TestMethodWorker.run(TestMethodWorker.java:134)
at java.base/java.util.ArrayList.forEach(ArrayList.java:1511)
at org.testng.TestRunner.privateRun(TestRunner.java:739)
at org.testng.TestRunner.run(TestRunner.java:614)
at org.testng.SuiteRunner.runTest(SuiteRunner.java:421)
at org.testng.SuiteRunner.runSequentially(SuiteRunner.java:413)
at org.testng.SuiteRunner.privateRun(SuiteRunner.java:373)
at org.testng.SuiteRunner.run(SuiteRunner.java:312)
at org.testng.SuiteRunnerWorker.runSuite(SuiteRunnerWorker.java:52)
at org.testng.SuiteRunnerWorker.run(SuiteRunnerWorker.java:95)
at org.testng.TestNG.runSuitesSequentially(TestNG.java:1274)
at org.testng.TestNG.runSuitesLocally(TestNG.java:1208)
at org.testng.TestNG.runSuites(TestNG.java:1112)
at org.testng.TestNG.run(TestNG.java:1079)
at org.testng.remote.AbstractRemoteTestNG.run(AbstractRemoteTestNG.java:115)
at org.testng.remote.RemoteTestNG.initAndRun(RemoteTestNG.java:293)
at org.testng.remote.RemoteTestNG.main(RemoteTestNG.java:91)
]]>
            </full-stacktrace>
          </exception> <!-- java.lang.Throwable -->
          <reporter-output>
          </reporter-output>
        </test-method> <!-- login -->
      </class> <!-- sunnykumarlearning.Test.SubmitOrder -->
    </test> <!-- Default test -->
  </suite> <!-- Default suite -->
</testng-results>
